
> hot-choco@0.1.0 dev /Users/anaisvanasselt/IdeaProjects/hot-choco
> next dev --turbopack

   ▲ Next.js 15.3.5 (Turbopack)
   - Local:        http://localhost:3000
   - Network:      http://192.168.2.176:3000
   - Environments: .env.local

 ✓ Starting...
 ✓ Ready in 774ms
 ○ Compiling /graph ...
Debugger listening on ws://127.0.0.1:51822/64829d64-7eb3-47bd-8baf-9e75011718bc
For help, see: https://nodejs.org/en/docs/inspector
Debugger attached.
 ✓ Compiled /graph in 1950ms
Using real Supabase service
Allure TestOps Configuration: {
  baseUrl: 'https://choco.testops.cloud/api',
  hasApiKey: true,
  apiKeyPrefix: '1fa34cce...'
}
Allure TestOps Configuration: {
  baseUrl: 'https://choco.testops.cloud/api',
  hasApiKey: true,
  apiKeyPrefix: '1fa34cce...'
}
 GET /graph 200 in 2239ms
 ✓ Compiled /favicon.ico in 270ms
 GET /favicon.ico?favicon.45db1c09.ico 200 in 518ms
Allure TestOps Configuration: {
  baseUrl: 'https://choco.testops.cloud/api',
  hasApiKey: true,
  apiKeyPrefix: '1fa34cce...'
}
 GET /graph 200 in 73ms
 GET /favicon.ico?favicon.45db1c09.ico 200 in 231ms
Allure TestOps Configuration: {
  baseUrl: 'https://choco.testops.cloud/api',
  hasApiKey: true,
  apiKeyPrefix: '1fa34cce...'
}
 GET /graph 200 in 48ms
 GET /favicon.ico?favicon.45db1c09.ico 200 in 222ms
 ✓ Compiled in 72ms
 ✓ Compiled in 56ms
 ✓ Compiled in 59ms
 ✓ Compiled in 97ms
 ✓ Compiled in 46ms
 ⚠ Fast Refresh had to perform a full reload due to a runtime error.
 ✓ Compiled in 48ms
Using real Supabase service
Allure TestOps Configuration: {
  baseUrl: 'https://choco.testops.cloud/api',
  hasApiKey: true,
  apiKeyPrefix: '1fa34cce...'
}
Allure TestOps Configuration: {
  baseUrl: 'https://choco.testops.cloud/api',
  hasApiKey: true,
  apiKeyPrefix: '1fa34cce...'
}
 GET /graph 200 in 264ms
 GET /favicon.ico?favicon.45db1c09.ico 200 in 225ms
 ✓ Compiled in 48ms
 ✓ Compiled in 52ms
 ✓ Compiled in 50ms
 ✓ Compiled in 51ms
Using real Supabase service
Allure TestOps Configuration: {
  baseUrl: 'https://choco.testops.cloud/api',
  hasApiKey: true,
  apiKeyPrefix: '1fa34cce...'
}
Allure TestOps Configuration: {
  baseUrl: 'https://choco.testops.cloud/api',
  hasApiKey: true,
  apiKeyPrefix: '1fa34cce...'
}
 GET /graph 200 in 277ms
 GET /favicon.ico?favicon.45db1c09.ico 200 in 250ms
 ✓ Compiled in 60ms
Using real Supabase service
Allure TestOps Configuration: {
  baseUrl: 'https://choco.testops.cloud/api',
  hasApiKey: true,
  apiKeyPrefix: '1fa34cce...'
}
Allure TestOps Configuration: {
  baseUrl: 'https://choco.testops.cloud/api',
  hasApiKey: true,
  apiKeyPrefix: '1fa34cce...'
}
 GET /graph 200 in 271ms
 GET /favicon.ico?favicon.45db1c09.ico 200 in 230ms
Using real Supabase service
Allure TestOps Configuration: {
  baseUrl: 'https://choco.testops.cloud/api',
  hasApiKey: true,
  apiKeyPrefix: '1fa34cce...'
}
Allure TestOps Configuration: {
  baseUrl: 'https://choco.testops.cloud/api',
  hasApiKey: true,
  apiKeyPrefix: '1fa34cce...'
}
 GET /graph 200 in 232ms
 GET /favicon.ico?favicon.45db1c09.ico 200 in 223ms
Allure TestOps Configuration: {
  baseUrl: 'https://choco.testops.cloud/api',
  hasApiKey: true,
  apiKeyPrefix: '1fa34cce...'
}
 GET /graph 200 in 74ms
 GET /favicon.ico?favicon.45db1c09.ico 200 in 230ms
 ✓ Compiled in 57ms
 ✓ Compiled in 56ms
 ✓ Compiled in 56ms
 ✓ Compiled in 59ms
Using real Supabase service
Allure TestOps Configuration: {
  baseUrl: 'https://choco.testops.cloud/api',
  hasApiKey: true,
  apiKeyPrefix: '1fa34cce...'
}
Allure TestOps Configuration: {
  baseUrl: 'https://choco.testops.cloud/api',
  hasApiKey: true,
  apiKeyPrefix: '1fa34cce...'
}
 GET /graph 200 in 266ms
 GET /favicon.ico?favicon.45db1c09.ico 200 in 223ms
 ✓ Compiled / in 464ms
 GET / 200 in 560ms
Allure TestOps Configuration: {
  baseUrl: 'https://choco.testops.cloud/api',
  hasApiKey: true,
  apiKeyPrefix: '1fa34cce...'
}
 GET /graph 200 in 62ms
 ✓ Compiled in 57ms
 ✓ Compiled in 52ms
Using real Supabase service
Allure TestOps Configuration: {
  baseUrl: 'https://choco.testops.cloud/api',
  hasApiKey: true,
  apiKeyPrefix: '1fa34cce...'
}
Allure TestOps Configuration: {
  baseUrl: 'https://choco.testops.cloud/api',
  hasApiKey: true,
  apiKeyPrefix: '1fa34cce...'
}
 GET /graph 200 in 260ms
 GET /favicon.ico?favicon.45db1c09.ico 200 in 228ms
Allure TestOps Configuration: {
  baseUrl: 'https://choco.testops.cloud/api',
  hasApiKey: true,
  apiKeyPrefix: '1fa34cce...'
}
 GET /graph 200 in 59ms
 GET /favicon.ico?favicon.45db1c09.ico 200 in 233ms
Allure TestOps Configuration: {
  baseUrl: 'https://choco.testops.cloud/api',
  hasApiKey: true,
  apiKeyPrefix: '1fa34cce...'
}
 GET /graph 200 in 67ms
 GET /favicon.ico?favicon.45db1c09.ico 200 in 229ms
 ✓ Compiled in 49ms
 ✓ Compiled in 52ms
Using real Supabase service
Allure TestOps Configuration: {
  baseUrl: 'https://choco.testops.cloud/api',
  hasApiKey: true,
  apiKeyPrefix: '1fa34cce...'
}
Allure TestOps Configuration: {
  baseUrl: 'https://choco.testops.cloud/api',
  hasApiKey: true,
  apiKeyPrefix: '1fa34cce...'
}
 GET /graph 200 in 275ms
 GET /favicon.ico?favicon.45db1c09.ico 200 in 231ms
Allure TestOps Configuration: {
  baseUrl: 'https://choco.testops.cloud/api',
  hasApiKey: true,
  apiKeyPrefix: '1fa34cce...'
}
 GET /graph 200 in 76ms
 GET /favicon.ico?favicon.45db1c09.ico 200 in 229ms

-----
[1m[31mFATAL[39m[0m: An unexpected Turbopack error occurred. A panic log has been written to /var/folders/tl/zpl921gd26g3s9mzspyq69ww0000gn/T/next-panic-f8f5371deb47704e84d285902abb167e.log.

To help make Turbopack better, report this error by ]8;;https://github.com/vercel/next.js/discussions/new?category=turbopack-error-report&title=Turbopack%20Error%3A%20Next.js%20package%20not%20found&body=Turbopack%20version%3A%20%60v15.3.5%60%0A%0AError%20message%3A%0A%60%60%60%0ANext.js%20package%20not%20found%0A%0ADebug%20info%3A%0A-%20Execution%20of%20get_entrypoints_with_issues_operation%20failed%0A-%20Execution%20of%20EntrypointsOperation%3A%3Anew%20failed%0A-%20Execution%20of%20Project%3A%3Aentrypoints%20failed%0A-%20Execution%20of%20AppProject%3A%3Aroutes%20failed%0A-%20Execution%20of%20directory_tree_to_entrypoints_internal%20failed%0A-%20Execution%20of%20directory_tree_to_loader_tree%20failed%0A-%20Execution%20of%20get_next_package%20failed%0A-%20Next.js%20package%20not%20found%0A%60%60%60&labels=Turbopack,Turbopack%20Panic%20Backtrace\clicking here.]8;;\
-----

[Error [TurbopackInternalError]: Next.js package not found

Debug info:
- Execution of get_entrypoints_with_issues_operation failed
- Execution of EntrypointsOperation::new failed
- Execution of Project::entrypoints failed
- Execution of AppProject::routes failed
- Execution of directory_tree_to_entrypoints_internal failed
- Execution of directory_tree_to_loader_tree failed
- Execution of get_next_package failed
- Next.js package not found]
[?25h
